# Building the projet
[  8%] Building CXX object CMakeFiles/tp-data.dir/src/Tree.cpp.o
[ 16%] Linking CXX executable tp-data
[100%] Built target tp-data
# Running the projet

=== Lancement du programme de structures de données ===

Après construction :
 intArr    = [ 0, 0, 0, 0, 0 ]
 doubleArr = [ 0, 0, 0, 0, 0 ]

Essai d'assignations (avec accès hors-limites provoquant des exceptions) :

Après quelques assignations :
 intArr    = [ 10, 20, 30, 0, 0 ]
 doubleArr = [ 10.9, 20.1, 30.6, 0, 0 ]

Test d'insertion : insert(99, 1) dans intArr
Après insert : intArr = [ 10, 99, 20, 30, 0, 0 ]

Test de suppression : remove(2) sur intArr
Après remove : intArr = [ 10, 99, 30, 0, 0 ]


--- Tests pour SLinkedList<int> ---

Liste initiale (vide) : [  ] (size=0)
Append 10, 20, 30
Après append : [ 10, 20, 30 ] (size=3)
Prepend 5
Après prepend : [ 5, 10, 20, 30 ] (size=4)
removeHead()
Après removeHead : [ 10, 20, 30 ] (size=3)
removeTail()
Après removeTail : [ 10, 20 ] (size=2)
Suppression jusqu'à vider la liste (removeHead en boucle)
[ 20 ] (size=1)
[  ] (size=0)
Appels sur liste vide : removeHead(), removeTail()
Après appels sur vide : [  ] (size=0)

--- Fin des tests linked list ---


--- Tests pour DLinkedList<int> ---

Liste double initiale (vide) : [  ]  (backwards: [  ], size=0)
Append 10, 20, 30
Après append : [ 10, 20, 30 ]  (backwards: [ 30, 20, 10 ], size=3)
Prepend 5
Après prepend : [ 5, 10, 20, 30 ]  (backwards: [ 30, 20, 10, 5 ], size=4)
Test insert via itérateur : insert before second node (insert 15 before 10)
Après insert via itr : [ 5, 15, 10, 20, 30 ]  (backwards: [ 30, 20, 10, 15, 5 ], size=5)
removeHead()
Après removeHead : [ 15, 10, 20, 30 ]  (backwards: [ 30, 20, 10, 15 ], size=4)
removeTail()
Après removeTail : [ 15, 10, 20 ]  (backwards: [ 20, 10, 15 ], size=3)
Test remove via itérateur (suppression d'un élément du milieu)
Itérateur pointe sur : 20 -> suppression via remove(itr)
Après remove via itr : [ 15, 10 ]  (backwards: [ 10, 15 ], size=2)
Suppression jusqu'à vider la DLinkedList (removeHead en boucle)
[ 10 ]  (backwards: [ 10 ], size=1)
[  ]  (backwards: [  ], size=0)
Appels sur DLinkedList vide : removeHead(), removeTail()
Après appels sur vide : [  ]  (backwards: [  ], size=0)

--- Fin des tests DLinkedList ---


--- Tests pour Tree<int> ---
Création de l'arbre :
- 1
Total nodes = 1

Ajout enfants à la racine (2, 3)
- 1
  - 2
  - 3
Total nodes = 3

Descente dans le noeud 2
- 1
  - 2
    - 4
    - 5
  - 3
Total nodes = 5

Navigation parmi les enfants de 2 :
 Child = 4
 Child = 5

Retour à la racine
- 1
  - 2
    - 4
    - 5
  - 3

Suppression du premier enfant de la racine (2)
- 1
  - 3
Total nodes = 2

Destruction complète de l'arbre

--- Fin des tests Tree ---

=== Fin des tests ===

# Deleting existing build directory
# Creating new build directory
# Running cmake
-- The C compiler identification is GNU 13.3.0
-- The CXX compiler identification is GNU 13.3.0
-- Detecting C compiler ABI info
-- Detecting C compiler ABI info - done
-- Check for working C compiler: /usr/bin/cc - skipped
-- Detecting C compile features
-- Detecting C compile features - done
-- Detecting CXX compiler ABI info
-- Detecting CXX compiler ABI info - done
-- Check for working CXX compiler: /usr/bin/c++ - skipped
-- Detecting CXX compile features
-- Detecting CXX compile features - done
-- CXX Options:  -Wall -pedantic -std=c++17
-- Configuring done (2.0s)
-- Generating done (0.1s)
-- Build files have been written to: /mnt/c/Users/esmie/Desktop/Cours/3emeannée/Cedric/GCC2526-ESMIEU-Damien-E-artsup/DataStructures/build
# Building the projet
[  8%] Building CXX object CMakeFiles/tp-data.dir/src/Array.cpp.o
[ 16%] Building CXX object CMakeFiles/tp-data.dir/src/BinaryTree.cpp.o
[ 25%] Building CXX object CMakeFiles/tp-data.dir/src/DLinkedList.cpp.o
[ 33%] Building CXX object CMakeFiles/tp-data.dir/src/DListIterator.cpp.o
[ 41%] Building CXX object CMakeFiles/tp-data.dir/src/DNode.cpp.o
[ 50%] Building CXX object CMakeFiles/tp-data.dir/src/SLinkedList.cpp.o
[ 58%] Building CXX object CMakeFiles/tp-data.dir/src/SListIterator.cpp.o
[ 66%] Building CXX object CMakeFiles/tp-data.dir/src/SNode.cpp.o
[ 75%] Building CXX object CMakeFiles/tp-data.dir/src/Tree.cpp.o
[ 83%] Building CXX object CMakeFiles/tp-data.dir/src/TreeIterator.cpp.o
[ 91%] Building CXX object CMakeFiles/tp-data.dir/src/main.cpp.o
[100%] Linking CXX executable tp-data
[100%] Built target tp-data
